[     -10ms] [ERROR] Failed to load resource: the server responded with a status of 404 () @ https://khlvkvusavalbkjrwbsy.supabase.co/rest/v1/rpc/get_popular_departments:0
[     -10ms] [ERROR] Failed to load resource: the server responded with a status of 404 () @ https://khlvkvusavalbkjrwbsy.supabase.co/rest/v1/rpc/get_popular_departments:0
[     -10ms] [ERROR] Failed to load resource: the server responded with a status of 404 () @ https://khlvkvusavalbkjrwbsy.supabase.co/rest/v1/rpc/get_popular_departments:0
[     -10ms] [ERROR] Failed to load resource: the server responded with a status of 404 () @ https://khlvkvusavalbkjrwbsy.supabase.co/rest/v1/rpc/get_popular_departments:0
[     -10ms] [ERROR] Failed to load resource: the server responded with a status of 404 () @ https://khlvkvusavalbkjrwbsy.supabase.co/rest/v1/rpc/get_popular_departments:0
[     -10ms] [ERROR] Failed to load resource: the server responded with a status of 404 () @ https://khlvkvusavalbkjrwbsy.supabase.co/rest/v1/rpc/get_popular_departments:0
[     -10ms] [ERROR] Failed to load resource: the server responded with a status of 404 () @ https://khlvkvusavalbkjrwbsy.supabase.co/rest/v1/rpc/get_popular_departments:0
[     -10ms] [ERROR] Failed to load resource: the server responded with a status of 404 () @ https://khlvkvusavalbkjrwbsy.supabase.co/rest/v1/rpc/get_popular_departments:0
[     -10ms] [ERROR] Failed to load resource: the server responded with a status of 404 () @ https://khlvkvusavalbkjrwbsy.supabase.co/rest/v1/rpc/get_popular_departments:0
[     -10ms] [ERROR] Failed to load resource: the server responded with a status of 404 () @ https://khlvkvusavalbkjrwbsy.supabase.co/rest/v1/rpc/get_popular_departments:0
[     -10ms] [ERROR] Failed to load resource: the server responded with a status of 404 () @ https://khlvkvusavalbkjrwbsy.supabase.co/rest/v1/rpc/get_popular_departments:0
[      -3ms] [ERROR] Failed to load resource: the server responded with a status of 404 () @ https://khlvkvusavalbkjrwbsy.supabase.co/rest/v1/rpc/get_popular_departments:0
[      17ms] [ERROR] Failed to load resource: the server responded with a status of 404 () @ https://khlvkvusavalbkjrwbsy.supabase.co/rest/v1/rpc/get_popular_departments:0
[      53ms] [ERROR] Failed to load resource: the server responded with a status of 404 () @ https://khlvkvusavalbkjrwbsy.supabase.co/rest/v1/rpc/get_popular_departments:0
[      53ms] [ERROR] Failed to load resource: the server responded with a status of 404 () @ https://khlvkvusavalbkjrwbsy.supabase.co/rest/v1/rpc/get_popular_departments:0
[      53ms] [ERROR] Failed to load resource: the server responded with a status of 404 () @ https://khlvkvusavalbkjrwbsy.supabase.co/rest/v1/rpc/get_popular_departments:0
[      74ms] [ERROR] Failed to load resource: the server responded with a status of 404 () @ https://khlvkvusavalbkjrwbsy.supabase.co/rest/v1/rpc/get_popular_departments:0
[      75ms] [ERROR] Failed to load resource: the server responded with a status of 404 () @ https://khlvkvusavalbkjrwbsy.supabase.co/rest/v1/rpc/get_popular_departments:0
[      75ms] [ERROR] Failed to load resource: the server responded with a status of 404 () @ https://khlvkvusavalbkjrwbsy.supabase.co/rest/v1/rpc/get_popular_departments:0
[      75ms] [ERROR] Failed to load resource: the server responded with a status of 404 () @ https://khlvkvusavalbkjrwbsy.supabase.co/rest/v1/rpc/get_popular_departments:0
[      75ms] [ERROR] Failed to load resource: the server responded with a status of 404 () @ https://khlvkvusavalbkjrwbsy.supabase.co/rest/v1/rpc/get_popular_departments:0
[      76ms] [ERROR] Failed to load resource: the server responded with a status of 404 () @ https://khlvkvusavalbkjrwbsy.supabase.co/rest/v1/rpc/get_popular_departments:0
[      81ms] [ERROR] Failed to load resource: the server responded with a status of 404 () @ https://khlvkvusavalbkjrwbsy.supabase.co/rest/v1/rpc/get_popular_departments:0
[      81ms] [ERROR] Failed to load resource: the server responded with a status of 404 () @ https://khlvkvusavalbkjrwbsy.supabase.co/rest/v1/rpc/get_popular_departments:0
[      89ms] [ERROR] Failed to load resource: the server responded with a status of 404 () @ https://khlvkvusavalbkjrwbsy.supabase.co/rest/v1/rpc/get_popular_departments:0
[      89ms] [ERROR] Failed to load resource: the server responded with a status of 404 () @ https://khlvkvusavalbkjrwbsy.supabase.co/rest/v1/rpc/get_popular_departments:0
[      95ms] [ERROR] Failed to load resource: the server responded with a status of 404 () @ https://khlvkvusavalbkjrwbsy.supabase.co/rest/v1/rpc/get_popular_departments:0
[      96ms] [ERROR] Failed to load resource: the server responded with a status of 404 () @ https://khlvkvusavalbkjrwbsy.supabase.co/rest/v1/rpc/get_popular_departments:0
[     106ms] [ERROR] Failed to load resource: the server responded with a status of 404 () @ https://khlvkvusavalbkjrwbsy.supabase.co/rest/v1/rpc/get_popular_departments:0
[     106ms] [ERROR] Failed to load resource: the server responded with a status of 404 () @ https://khlvkvusavalbkjrwbsy.supabase.co/rest/v1/rpc/get_popular_departments:0
[     106ms] [ERROR] Failed to load resource: the server responded with a status of 404 () @ https://khlvkvusavalbkjrwbsy.supabase.co/rest/v1/rpc/get_popular_departments:0
[     109ms] [ERROR] Failed to load resource: the server responded with a status of 404 () @ https://khlvkvusavalbkjrwbsy.supabase.co/rest/v1/rpc/get_popular_departments:0
[     109ms] [ERROR] Failed to load resource: the server responded with a status of 404 () @ https://khlvkvusavalbkjrwbsy.supabase.co/rest/v1/rpc/get_popular_departments:0
[     112ms] [ERROR] Failed to load resource: the server responded with a status of 404 () @ https://khlvkvusavalbkjrwbsy.supabase.co/rest/v1/rpc/get_popular_departments:0
[     112ms] [ERROR] Failed to load resource: the server responded with a status of 404 () @ https://khlvkvusavalbkjrwbsy.supabase.co/rest/v1/rpc/get_popular_departments:0
[     115ms] [ERROR] Failed to load resource: the server responded with a status of 404 () @ https://khlvkvusavalbkjrwbsy.supabase.co/rest/v1/rpc/get_popular_departments:0
[     115ms] [ERROR] Failed to load resource: the server responded with a status of 404 () @ https://khlvkvusavalbkjrwbsy.supabase.co/rest/v1/rpc/get_popular_departments:0
[     115ms] [ERROR] Failed to load resource: the server responded with a status of 404 () @ https://khlvkvusavalbkjrwbsy.supabase.co/rest/v1/rpc/get_popular_departments:0
[     122ms] [ERROR] Failed to load resource: the server responded with a status of 404 () @ https://khlvkvusavalbkjrwbsy.supabase.co/rest/v1/rpc/get_popular_departments:0
[     123ms] [ERROR] Failed to load resource: the server responded with a status of 404 () @ https://khlvkvusavalbkjrwbsy.supabase.co/rest/v1/rpc/get_popular_departments:0
[     129ms] [ERROR] Failed to load resource: the server responded with a status of 404 () @ https://khlvkvusavalbkjrwbsy.supabase.co/rest/v1/rpc/get_popular_departments:0
[     132ms] [ERROR] Failed to load resource: the server responded with a status of 404 () @ https://khlvkvusavalbkjrwbsy.supabase.co/rest/v1/rpc/get_popular_departments:0
[     132ms] [ERROR] Failed to load resource: the server responded with a status of 404 () @ https://khlvkvusavalbkjrwbsy.supabase.co/rest/v1/rpc/get_popular_departments:0
[     132ms] [ERROR] Failed to load resource: the server responded with a status of 404 () @ https://khlvkvusavalbkjrwbsy.supabase.co/rest/v1/rpc/get_popular_departments:0
[     132ms] [ERROR] Failed to load resource: the server responded with a status of 404 () @ https://khlvkvusavalbkjrwbsy.supabase.co/rest/v1/rpc/get_popular_departments:0
[     138ms] [ERROR] Failed to load resource: the server responded with a status of 404 () @ https://khlvkvusavalbkjrwbsy.supabase.co/rest/v1/rpc/get_popular_departments:0
[     152ms] [ERROR] Failed to load resource: the server responded with a status of 404 () @ https://khlvkvusavalbkjrwbsy.supabase.co/rest/v1/rpc/get_popular_departments:0
[     256ms] [ERROR] Failed to load resource: the server responded with a status of 404 () @ https://khlvkvusavalbkjrwbsy.supabase.co/rest/v1/rpc/get_popular_departments:0
[     257ms] [ERROR] Failed to load resource: the server responded with a status of 404 () @ https://khlvkvusavalbkjrwbsy.supabase.co/rest/v1/rpc/get_popular_departments:0
[     257ms] [ERROR] Failed to load resource: the server responded with a status of 404 () @ https://khlvkvusavalbkjrwbsy.supabase.co/rest/v1/rpc/get_popular_departments:0
[     273ms] [ERROR] Failed to load resource: the server responded with a status of 404 () @ https://khlvkvusavalbkjrwbsy.supabase.co/rest/v1/rpc/get_popular_departments:0
[     273ms] [ERROR] Failed to load resource: the server responded with a status of 404 () @ https://khlvkvusavalbkjrwbsy.supabase.co/rest/v1/rpc/get_popular_departments:0
[     274ms] [ERROR] Failed to load resource: the server responded with a status of 404 () @ https://khlvkvusavalbkjrwbsy.supabase.co/rest/v1/rpc/get_popular_departments:0
[     274ms] [ERROR] Failed to load resource: the server responded with a status of 404 () @ https://khlvkvusavalbkjrwbsy.supabase.co/rest/v1/rpc/get_popular_departments:0
[     280ms] [ERROR] Failed to load resource: the server responded with a status of 404 () @ https://khlvkvusavalbkjrwbsy.supabase.co/rest/v1/rpc/get_popular_departments:0
[     280ms] [ERROR] Failed to load resource: the server responded with a status of 404 () @ https://khlvkvusavalbkjrwbsy.supabase.co/rest/v1/rpc/get_popular_departments:0
[     280ms] [ERROR] Failed to load resource: the server responded with a status of 404 () @ https://khlvkvusavalbkjrwbsy.supabase.co/rest/v1/rpc/get_popular_departments:0
[     280ms] [ERROR] Failed to load resource: the server responded with a status of 404 () @ https://khlvkvusavalbkjrwbsy.supabase.co/rest/v1/rpc/get_popular_departments:0
[     280ms] [ERROR] Failed to load resource: the server responded with a status of 404 () @ https://khlvkvusavalbkjrwbsy.supabase.co/rest/v1/rpc/get_popular_departments:0
[     280ms] [ERROR] Failed to load resource: the server responded with a status of 404 () @ https://khlvkvusavalbkjrwbsy.supabase.co/rest/v1/rpc/get_popular_departments:0
[     283ms] [ERROR] Failed to load resource: the server responded with a status of 404 () @ https://khlvkvusavalbkjrwbsy.supabase.co/rest/v1/rpc/get_popular_departments:0
[     283ms] [ERROR] Failed to load resource: the server responded with a status of 404 () @ https://khlvkvusavalbkjrwbsy.supabase.co/rest/v1/rpc/get_popular_departments:0
[     283ms] [ERROR] Failed to load resource: the server responded with a status of 404 () @ https://khlvkvusavalbkjrwbsy.supabase.co/rest/v1/rpc/get_popular_departments:0
[     283ms] [ERROR] Failed to load resource: the server responded with a status of 404 () @ https://khlvkvusavalbkjrwbsy.supabase.co/rest/v1/rpc/get_popular_departments:0
[     289ms] [ERROR] Failed to load resource: the server responded with a status of 404 () @ https://khlvkvusavalbkjrwbsy.supabase.co/rest/v1/rpc/get_popular_departments:0
[     296ms] [ERROR] Failed to load resource: the server responded with a status of 404 () @ https://khlvkvusavalbkjrwbsy.supabase.co/rest/v1/rpc/get_popular_departments:0
[     297ms] [ERROR] Failed to load resource: the server responded with a status of 404 () @ https://khlvkvusavalbkjrwbsy.supabase.co/rest/v1/rpc/get_popular_departments:0
[     297ms] [ERROR] Failed to load resource: the server responded with a status of 404 () @ https://khlvkvusavalbkjrwbsy.supabase.co/rest/v1/rpc/get_popular_departments:0
[     297ms] [ERROR] Failed to load resource: the server responded with a status of 404 () @ https://khlvkvusavalbkjrwbsy.supabase.co/rest/v1/rpc/get_popular_departments:0
[     297ms] [ERROR] Failed to load resource: the server responded with a status of 404 () @ https://khlvkvusavalbkjrwbsy.supabase.co/rest/v1/rpc/get_popular_departments:0
[     297ms] [ERROR] Failed to load resource: the server responded with a status of 404 () @ https://khlvkvusavalbkjrwbsy.supabase.co/rest/v1/rpc/get_popular_departments:0
[     307ms] [ERROR] Failed to load resource: the server responded with a status of 404 () @ https://khlvkvusavalbkjrwbsy.supabase.co/rest/v1/rpc/get_popular_departments:0
[     307ms] [ERROR] Failed to load resource: the server responded with a status of 404 () @ https://khlvkvusavalbkjrwbsy.supabase.co/rest/v1/rpc/get_popular_departments:0
[     307ms] [ERROR] Failed to load resource: the server responded with a status of 404 () @ https://khlvkvusavalbkjrwbsy.supabase.co/rest/v1/rpc/get_popular_departments:0
[     307ms] [ERROR] Failed to load resource: the server responded with a status of 404 () @ https://khlvkvusavalbkjrwbsy.supabase.co/rest/v1/rpc/get_popular_departments:0
[     307ms] [ERROR] Failed to load resource: the server responded with a status of 404 () @ https://khlvkvusavalbkjrwbsy.supabase.co/rest/v1/rpc/get_popular_departments:0
[     340ms] [ERROR] Failed to load resource: the server responded with a status of 404 () @ https://khlvkvusavalbkjrwbsy.supabase.co/rest/v1/rpc/get_popular_departments:0
[     340ms] [ERROR] Failed to load resource: the server responded with a status of 404 () @ https://khlvkvusavalbkjrwbsy.supabase.co/rest/v1/rpc/get_popular_departments:0
[     352ms] [ERROR] Failed to load resource: the server responded with a status of 404 () @ https://khlvkvusavalbkjrwbsy.supabase.co/rest/v1/rpc/get_popular_departments:0
[     359ms] [ERROR] Failed to load resource: the server responded with a status of 404 () @ https://khlvkvusavalbkjrwbsy.supabase.co/rest/v1/rpc/get_popular_departments:0
[     359ms] [ERROR] Failed to load resource: the server responded with a status of 404 () @ https://khlvkvusavalbkjrwbsy.supabase.co/rest/v1/rpc/get_popular_departments:0
[     359ms] [ERROR] Failed to load resource: the server responded with a status of 404 () @ https://khlvkvusavalbkjrwbsy.supabase.co/rest/v1/rpc/get_popular_departments:0
[     361ms] [ERROR] Failed to load resource: the server responded with a status of 404 () @ https://khlvkvusavalbkjrwbsy.supabase.co/rest/v1/rpc/get_popular_departments:0
[     361ms] [ERROR] Failed to load resource: the server responded with a status of 404 () @ https://khlvkvusavalbkjrwbsy.supabase.co/rest/v1/rpc/get_popular_departments:0
[     361ms] [ERROR] Failed to load resource: the server responded with a status of 404 () @ https://khlvkvusavalbkjrwbsy.supabase.co/rest/v1/rpc/get_popular_departments:0
[     361ms] [ERROR] Failed to load resource: the server responded with a status of 404 () @ https://khlvkvusavalbkjrwbsy.supabase.co/rest/v1/rpc/get_popular_departments:0
[     361ms] [ERROR] Failed to load resource: the server responded with a status of 404 () @ https://khlvkvusavalbkjrwbsy.supabase.co/rest/v1/rpc/get_popular_departments:0
[     383ms] [ERROR] Failed to load resource: the server responded with a status of 404 () @ https://khlvkvusavalbkjrwbsy.supabase.co/rest/v1/rpc/get_popular_departments:0
[     383ms] [ERROR] Failed to load resource: the server responded with a status of 404 () @ https://khlvkvusavalbkjrwbsy.supabase.co/rest/v1/rpc/get_popular_departments:0
[     383ms] [ERROR] Failed to load resource: the server responded with a status of 404 () @ https://khlvkvusavalbkjrwbsy.supabase.co/rest/v1/rpc/get_popular_departments:0
[     399ms] [ERROR] Failed to load resource: the server responded with a status of 404 () @ https://khlvkvusavalbkjrwbsy.supabase.co/rest/v1/rpc/get_popular_departments:0
[     399ms] [ERROR] Failed to load resource: the server responded with a status of 404 () @ https://khlvkvusavalbkjrwbsy.supabase.co/rest/v1/rpc/get_popular_departments:0
[     408ms] [ERROR] Failed to load resource: the server responded with a status of 404 () @ https://khlvkvusavalbkjrwbsy.supabase.co/rest/v1/rpc/get_popular_departments:0
[     410ms] [ERROR] Failed to load resource: the server responded with a status of 404 () @ https://khlvkvusavalbkjrwbsy.supabase.co/rest/v1/rpc/get_popular_departments:0
[     412ms] [ERROR] Failed to load resource: the server responded with a status of 404 () @ https://khlvkvusavalbkjrwbsy.supabase.co/rest/v1/rpc/get_popular_departments:0
[     412ms] [ERROR] Failed to load resource: the server responded with a status of 404 () @ https://khlvkvusavalbkjrwbsy.supabase.co/rest/v1/rpc/get_popular_departments:0
[     418ms] [ERROR] Failed to load resource: the server responded with a status of 404 () @ https://khlvkvusavalbkjrwbsy.supabase.co/rest/v1/rpc/get_popular_departments:0
[     418ms] [ERROR] Failed to load resource: the server responded with a status of 404 () @ https://khlvkvusavalbkjrwbsy.supabase.co/rest/v1/rpc/get_popular_departments:0
[     418ms] [ERROR] Failed to load resource: the server responded with a status of 404 () @ https://khlvkvusavalbkjrwbsy.supabase.co/rest/v1/rpc/get_popular_departments:0
[     418ms] [ERROR] Failed to load resource: the server responded with a status of 404 () @ https://khlvkvusavalbkjrwbsy.supabase.co/rest/v1/rpc/get_popular_departments:0
[     419ms] [ERROR] Failed to load resource: the server responded with a status of 404 () @ https://khlvkvusavalbkjrwbsy.supabase.co/rest/v1/rpc/get_popular_departments:0
[     421ms] [ERROR] Failed to load resource: the server responded with a status of 404 () @ https://khlvkvusavalbkjrwbsy.supabase.co/rest/v1/rpc/get_popular_departments:0
[     518ms] [ERROR] Failed to load resource: the server responded with a status of 404 () @ https://khlvkvusavalbkjrwbsy.supabase.co/rest/v1/rpc/get_popular_departments:0
[     518ms] [ERROR] Failed to load resource: the server responded with a status of 404 () @ https://khlvkvusavalbkjrwbsy.supabase.co/rest/v1/rpc/get_popular_departments:0
[     518ms] [ERROR] Failed to load resource: the server responded with a status of 404 () @ https://khlvkvusavalbkjrwbsy.supabase.co/rest/v1/rpc/get_popular_departments:0
[     518ms] [ERROR] Failed to load resource: the server responded with a status of 404 () @ https://khlvkvusavalbkjrwbsy.supabase.co/rest/v1/rpc/get_popular_departments:0
[     518ms] [ERROR] Failed to load resource: the server responded with a status of 404 () @ https://khlvkvusavalbkjrwbsy.supabase.co/rest/v1/rpc/get_popular_departments:0
[     518ms] [ERROR] Failed to load resource: the server responded with a status of 404 () @ https://khlvkvusavalbkjrwbsy.supabase.co/rest/v1/rpc/get_popular_departments:0
[     518ms] [ERROR] Failed to load resource: the server responded with a status of 404 () @ https://khlvkvusavalbkjrwbsy.supabase.co/rest/v1/rpc/get_popular_departments:0
[     518ms] [ERROR] Failed to load resource: the server responded with a status of 404 () @ https://khlvkvusavalbkjrwbsy.supabase.co/rest/v1/rpc/get_popular_departments:0
[     518ms] [ERROR] Failed to load resource: the server responded with a status of 404 () @ https://khlvkvusavalbkjrwbsy.supabase.co/rest/v1/rpc/get_popular_departments:0
[     518ms] [ERROR] Failed to load resource: the server responded with a status of 404 () @ https://khlvkvusavalbkjrwbsy.supabase.co/rest/v1/rpc/get_popular_departments:0
[     518ms] [ERROR] Failed to load resource: the server responded with a status of 404 () @ https://khlvkvusavalbkjrwbsy.supabase.co/rest/v1/rpc/get_popular_departments:0
[     518ms] [ERROR] Failed to load resource: the server responded with a status of 404 () @ https://khlvkvusavalbkjrwbsy.supabase.co/rest/v1/rpc/get_popular_departments:0
[     518ms] [ERROR] Failed to load resource: the server responded with a status of 404 () @ https://khlvkvusavalbkjrwbsy.supabase.co/rest/v1/rpc/get_popular_departments:0
[     518ms] [ERROR] Failed to load resource: the server responded with a status of 404 () @ https://khlvkvusavalbkjrwbsy.supabase.co/rest/v1/rpc/get_popular_departments:0
[     519ms] [ERROR] Failed to load resource: the server responded with a status of 404 () @ https://khlvkvusavalbkjrwbsy.supabase.co/rest/v1/rpc/get_popular_departments:0
[     519ms] [ERROR] Failed to load resource: the server responded with a status of 404 () @ https://khlvkvusavalbkjrwbsy.supabase.co/rest/v1/rpc/get_popular_departments:0
[     519ms] [ERROR] Failed to load resource: the server responded with a status of 404 () @ https://khlvkvusavalbkjrwbsy.supabase.co/rest/v1/rpc/get_popular_departments:0
[     525ms] [ERROR] Failed to load resource: the server responded with a status of 404 () @ https://khlvkvusavalbkjrwbsy.supabase.co/rest/v1/rpc/get_popular_departments:0
[     525ms] [ERROR] Failed to load resource: the server responded with a status of 404 () @ https://khlvkvusavalbkjrwbsy.supabase.co/rest/v1/rpc/get_popular_departments:0
[     525ms] [ERROR] Failed to load resource: the server responded with a status of 404 () @ https://khlvkvusavalbkjrwbsy.supabase.co/rest/v1/rpc/get_popular_departments:0
[     525ms] [ERROR] Failed to load resource: the server responded with a status of 404 () @ https://khlvkvusavalbkjrwbsy.supabase.co/rest/v1/rpc/get_popular_departments:0
[     548ms] [ERROR] Failed to load resource: the server responded with a status of 404 () @ https://khlvkvusavalbkjrwbsy.supabase.co/rest/v1/rpc/get_popular_departments:0
[     548ms] [ERROR] Failed to load resource: the server responded with a status of 404 () @ https://khlvkvusavalbkjrwbsy.supabase.co/rest/v1/rpc/get_popular_departments:0
[     562ms] [ERROR] Failed to load resource: the server responded with a status of 404 () @ https://khlvkvusavalbkjrwbsy.supabase.co/rest/v1/rpc/get_popular_departments:0
[     607ms] [ERROR] Failed to load resource: the server responded with a status of 404 () @ https://khlvkvusavalbkjrwbsy.supabase.co/rest/v1/rpc/get_popular_departments:0
[     608ms] [ERROR] Failed to load resource: the server responded with a status of 404 () @ https://khlvkvusavalbkjrwbsy.supabase.co/rest/v1/rpc/get_popular_departments:0
[     608ms] [ERROR] Failed to load resource: the server responded with a status of 404 () @ https://khlvkvusavalbkjrwbsy.supabase.co/rest/v1/rpc/get_popular_departments:0
[     610ms] [ERROR] Failed to load resource: the server responded with a status of 404 () @ https://khlvkvusavalbkjrwbsy.supabase.co/rest/v1/rpc/get_popular_departments:0
[     610ms] [ERROR] Failed to load resource: the server responded with a status of 404 () @ https://khlvkvusavalbkjrwbsy.supabase.co/rest/v1/rpc/get_popular_departments:0
[     611ms] [ERROR] Failed to load resource: the server responded with a status of 404 () @ https://khlvkvusavalbkjrwbsy.supabase.co/rest/v1/rpc/get_popular_departments:0
[     611ms] [ERROR] Failed to load resource: the server responded with a status of 404 () @ https://khlvkvusavalbkjrwbsy.supabase.co/rest/v1/rpc/get_popular_departments:0
[     611ms] [ERROR] Failed to load resource: the server responded with a status of 404 () @ https://khlvkvusavalbkjrwbsy.supabase.co/rest/v1/rpc/get_popular_departments:0
[     614ms] [ERROR] Failed to load resource: the server responded with a status of 404 () @ https://khlvkvusavalbkjrwbsy.supabase.co/rest/v1/rpc/get_popular_departments:0
[     615ms] [ERROR] Failed to load resource: the server responded with a status of 404 () @ https://khlvkvusavalbkjrwbsy.supabase.co/rest/v1/rpc/get_popular_departments:0
[     616ms] [ERROR] Failed to load resource: the server responded with a status of 404 () @ https://khlvkvusavalbkjrwbsy.supabase.co/rest/v1/rpc/get_popular_departments:0
[     616ms] [ERROR] Failed to load resource: the server responded with a status of 404 () @ https://khlvkvusavalbkjrwbsy.supabase.co/rest/v1/rpc/get_popular_departments:0
[     616ms] [ERROR] Failed to load resource: the server responded with a status of 404 () @ https://khlvkvusavalbkjrwbsy.supabase.co/rest/v1/rpc/get_popular_departments:0
[     635ms] [ERROR] Failed to load resource: the server responded with a status of 404 () @ https://khlvkvusavalbkjrwbsy.supabase.co/rest/v1/rpc/get_popular_departments:0
[     635ms] [ERROR] Failed to load resource: the server responded with a status of 404 () @ https://khlvkvusavalbkjrwbsy.supabase.co/rest/v1/rpc/get_popular_departments:0
[     635ms] [ERROR] Failed to load resource: the server responded with a status of 404 () @ https://khlvkvusavalbkjrwbsy.supabase.co/rest/v1/rpc/get_popular_departments:0
[     635ms] [ERROR] Failed to load resource: the server responded with a status of 404 () @ https://khlvkvusavalbkjrwbsy.supabase.co/rest/v1/rpc/get_popular_departments:0
[     635ms] [ERROR] Failed to load resource: the server responded with a status of 404 () @ https://khlvkvusavalbkjrwbsy.supabase.co/rest/v1/rpc/get_popular_departments:0
[     635ms] [ERROR] Failed to load resource: the server responded with a status of 404 () @ https://khlvkvusavalbkjrwbsy.supabase.co/rest/v1/rpc/get_popular_departments:0
[     641ms] [ERROR] Failed to load resource: the server responded with a status of 404 () @ https://khlvkvusavalbkjrwbsy.supabase.co/rest/v1/rpc/get_popular_departments:0
[     641ms] [ERROR] Failed to load resource: the server responded with a status of 404 () @ https://khlvkvusavalbkjrwbsy.supabase.co/rest/v1/rpc/get_popular_departments:0
[     641ms] [ERROR] Failed to load resource: the server responded with a status of 404 () @ https://khlvkvusavalbkjrwbsy.supabase.co/rest/v1/rpc/get_popular_departments:0
[     641ms] [ERROR] Failed to load resource: the server responded with a status of 404 () @ https://khlvkvusavalbkjrwbsy.supabase.co/rest/v1/rpc/get_popular_departments:0
[     645ms] [ERROR] Failed to load resource: the server responded with a status of 404 () @ https://khlvkvusavalbkjrwbsy.supabase.co/rest/v1/rpc/get_popular_departments:0
[     645ms] [ERROR] Failed to load resource: the server responded with a status of 404 () @ https://khlvkvusavalbkjrwbsy.supabase.co/rest/v1/rpc/get_popular_departments:0
[     645ms] [ERROR] Failed to load resource: the server responded with a status of 404 () @ https://khlvkvusavalbkjrwbsy.supabase.co/rest/v1/rpc/get_popular_departments:0
[     645ms] [ERROR] Failed to load resource: the server responded with a status of 404 () @ https://khlvkvusavalbkjrwbsy.supabase.co/rest/v1/rpc/get_popular_departments:0
[     725ms] [ERROR] Failed to load resource: the server responded with a status of 404 () @ https://khlvkvusavalbkjrwbsy.supabase.co/rest/v1/rpc/get_popular_departments:0
[     778ms] [ERROR] Failed to load resource: the server responded with a status of 404 () @ https://khlvkvusavalbkjrwbsy.supabase.co/rest/v1/rpc/get_popular_departments:0
[     785ms] [ERROR] Failed to load resource: the server responded with a status of 404 () @ https://khlvkvusavalbkjrwbsy.supabase.co/rest/v1/rpc/get_popular_departments:0
[     785ms] [ERROR] Failed to load resource: the server responded with a status of 404 () @ https://khlvkvusavalbkjrwbsy.supabase.co/rest/v1/rpc/get_popular_departments:0
[     790ms] [ERROR] Failed to load resource: the server responded with a status of 404 () @ https://khlvkvusavalbkjrwbsy.supabase.co/rest/v1/rpc/get_popular_departments:0
[     790ms] [ERROR] Failed to load resource: the server responded with a status of 404 () @ https://khlvkvusavalbkjrwbsy.supabase.co/rest/v1/rpc/get_popular_departments:0
[     790ms] [ERROR] Failed to load resource: the server responded with a status of 404 () @ https://khlvkvusavalbkjrwbsy.supabase.co/rest/v1/rpc/get_popular_departments:0
[     790ms] [ERROR] Failed to load resource: the server responded with a status of 404 () @ https://khlvkvusavalbkjrwbsy.supabase.co/rest/v1/rpc/get_popular_departments:0
[     791ms] [ERROR] Failed to load resource: the server responded with a status of 404 () @ https://khlvkvusavalbkjrwbsy.supabase.co/rest/v1/rpc/get_popular_departments:0
[     794ms] [ERROR] Failed to load resource: the server responded with a status of 404 () @ https://khlvkvusavalbkjrwbsy.supabase.co/rest/v1/rpc/get_popular_departments:0
[     795ms] [ERROR] Failed to load resource: the server responded with a status of 404 () @ https://khlvkvusavalbkjrwbsy.supabase.co/rest/v1/rpc/get_popular_departments:0
[     797ms] [ERROR] Failed to load resource: the server responded with a status of 404 () @ https://khlvkvusavalbkjrwbsy.supabase.co/rest/v1/rpc/get_popular_departments:0
[     805ms] [ERROR] Failed to load resource: the server responded with a status of 404 () @ https://khlvkvusavalbkjrwbsy.supabase.co/rest/v1/rpc/get_popular_departments:0
[     806ms] [ERROR] Failed to load resource: the server responded with a status of 404 () @ https://khlvkvusavalbkjrwbsy.supabase.co/rest/v1/rpc/get_popular_departments:0
[     810ms] [ERROR] Failed to load resource: the server responded with a status of 404 () @ https://khlvkvusavalbkjrwbsy.supabase.co/rest/v1/rpc/get_popular_departments:0
[     811ms] [ERROR] Failed to load resource: the server responded with a status of 404 () @ https://khlvkvusavalbkjrwbsy.supabase.co/rest/v1/rpc/get_popular_departments:0
[     811ms] [ERROR] Failed to load resource: the server responded with a status of 404 () @ https://khlvkvusavalbkjrwbsy.supabase.co/rest/v1/rpc/get_popular_departments:0
[     832ms] [ERROR] Failed to load resource: the server responded with a status of 404 () @ https://khlvkvusavalbkjrwbsy.supabase.co/rest/v1/rpc/get_popular_departments:0
[     838ms] [ERROR] Failed to load resource: the server responded with a status of 404 () @ https://khlvkvusavalbkjrwbsy.supabase.co/rest/v1/rpc/get_popular_departments:0
[     839ms] [ERROR] Failed to load resource: the server responded with a status of 404 () @ https://khlvkvusavalbkjrwbsy.supabase.co/rest/v1/rpc/get_popular_departments:0
[     845ms] [ERROR] Failed to load resource: the server responded with a status of 404 () @ https://khlvkvusavalbkjrwbsy.supabase.co/rest/v1/rpc/get_popular_departments:0
[     859ms] [ERROR] Failed to load resource: the server responded with a status of 404 () @ https://khlvkvusavalbkjrwbsy.supabase.co/rest/v1/rpc/get_popular_departments:0
[     859ms] [ERROR] Failed to load resource: the server responded with a status of 404 () @ https://khlvkvusavalbkjrwbsy.supabase.co/rest/v1/rpc/get_popular_departments:0
[     874ms] [ERROR] Failed to load resource: the server responded with a status of 404 () @ https://khlvkvusavalbkjrwbsy.supabase.co/rest/v1/rpc/get_popular_departments:0
[     874ms] [ERROR] Failed to load resource: the server responded with a status of 404 () @ https://khlvkvusavalbkjrwbsy.supabase.co/rest/v1/rpc/get_popular_departments:0
[     874ms] [ERROR] Failed to load resource: the server responded with a status of 404 () @ https://khlvkvusavalbkjrwbsy.supabase.co/rest/v1/rpc/get_popular_departments:0
[     877ms] [ERROR] Failed to load resource: the server responded with a status of 404 () @ https://khlvkvusavalbkjrwbsy.supabase.co/rest/v1/rpc/get_popular_departments:0
[     892ms] [ERROR] Failed to load resource: the server responded with a status of 404 () @ https://khlvkvusavalbkjrwbsy.supabase.co/rest/v1/rpc/get_popular_departments:0
[     901ms] [ERROR] Failed to load resource: the server responded with a status of 404 () @ https://khlvkvusavalbkjrwbsy.supabase.co/rest/v1/rpc/get_popular_departments:0
[     901ms] [ERROR] Failed to load resource: the server responded with a status of 404 () @ https://khlvkvusavalbkjrwbsy.supabase.co/rest/v1/rpc/get_popular_departments:0
[     916ms] [ERROR] Failed to load resource: the server responded with a status of 404 () @ https://khlvkvusavalbkjrwbsy.supabase.co/rest/v1/rpc/get_popular_departments:0
[     916ms] [ERROR] Failed to load resource: the server responded with a status of 404 () @ https://khlvkvusavalbkjrwbsy.supabase.co/rest/v1/rpc/get_popular_departments:0
[     916ms] [ERROR] Failed to load resource: the server responded with a status of 404 () @ https://khlvkvusavalbkjrwbsy.supabase.co/rest/v1/rpc/get_popular_departments:0
[     916ms] [ERROR] Failed to load resource: the server responded with a status of 404 () @ https://khlvkvusavalbkjrwbsy.supabase.co/rest/v1/rpc/get_popular_departments:0
[     916ms] [ERROR] Failed to load resource: the server responded with a status of 404 () @ https://khlvkvusavalbkjrwbsy.supabase.co/rest/v1/rpc/get_popular_departments:0
[     916ms] [ERROR] Failed to load resource: the server responded with a status of 404 () @ https://khlvkvusavalbkjrwbsy.supabase.co/rest/v1/rpc/get_popular_departments:0
[     916ms] [ERROR] Failed to load resource: the server responded with a status of 404 () @ https://khlvkvusavalbkjrwbsy.supabase.co/rest/v1/rpc/get_popular_departments:0
[     917ms] [ERROR] Failed to load resource: the server responded with a status of 404 () @ https://khlvkvusavalbkjrwbsy.supabase.co/rest/v1/rpc/get_popular_departments:0
[     917ms] [ERROR] Failed to load resource: the server responded with a status of 404 () @ https://khlvkvusavalbkjrwbsy.supabase.co/rest/v1/rpc/get_popular_departments:0
[     917ms] [ERROR] Failed to load resource: the server responded with a status of 404 () @ https://khlvkvusavalbkjrwbsy.supabase.co/rest/v1/rpc/get_popular_departments:0
[     917ms] [ERROR] Failed to load resource: the server responded with a status of 404 () @ https://khlvkvusavalbkjrwbsy.supabase.co/rest/v1/rpc/get_popular_departments:0
[     917ms] [ERROR] Failed to load resource: the server responded with a status of 404 () @ https://khlvkvusavalbkjrwbsy.supabase.co/rest/v1/rpc/get_popular_departments:0
[     917ms] [ERROR] Failed to load resource: the server responded with a status of 404 () @ https://khlvkvusavalbkjrwbsy.supabase.co/rest/v1/rpc/get_popular_departments:0
[     924ms] [ERROR] Failed to load resource: the server responded with a status of 404 () @ https://khlvkvusavalbkjrwbsy.supabase.co/rest/v1/rpc/get_popular_departments:0
[     927ms] [ERROR] Failed to load resource: the server responded with a status of 404 () @ https://khlvkvusavalbkjrwbsy.supabase.co/rest/v1/rpc/get_popular_departments:0
[     931ms] [ERROR] Failed to load resource: the server responded with a status of 404 () @ https://khlvkvusavalbkjrwbsy.supabase.co/rest/v1/rpc/get_popular_departments:0
[     938ms] [ERROR] Failed to load resource: the server responded with a status of 404 () @ https://khlvkvusavalbkjrwbsy.supabase.co/rest/v1/rpc/get_popular_departments:0
[     938ms] [ERROR] Failed to load resource: the server responded with a status of 404 () @ https://khlvkvusavalbkjrwbsy.supabase.co/rest/v1/rpc/get_popular_departments:0
[     940ms] [ERROR] Failed to load resource: the server responded with a status of 404 () @ https://khlvkvusavalbkjrwbsy.supabase.co/rest/v1/rpc/get_popular_departments:0
[     944ms] [ERROR] Failed to load resource: the server responded with a status of 404 () @ https://khlvkvusavalbkjrwbsy.supabase.co/rest/v1/rpc/get_popular_departments:0
[     944ms] [ERROR] Failed to load resource: the server responded with a status of 404 () @ https://khlvkvusavalbkjrwbsy.supabase.co/rest/v1/rpc/get_popular_departments:0
[     946ms] [ERROR] Failed to load resource: the server responded with a status of 404 () @ https://khlvkvusavalbkjrwbsy.supabase.co/rest/v1/rpc/get_popular_departments:0
[    1224ms] [WARNING] Image with src "https://khlvkvusavalbkjrwbsy.supabase.co/storage/v1/object/public/public-assets/atasaedu/logo.png" was detected as the Largest Contentful Paint (LCP). Please add the `loading="eager"` property if this image is above the fold.
Read more: https://nextjs.org/docs/app/api-reference/components/image#loading @ http://localhost:6001/_next/static/chunks/8233f_next_dist_62534dce._.js:2297
[    1264ms] [WARNING] Image with src "https://khlvkvusavalbkjrwbsy.supabase.co/storage/v1/object/public/public-assets/atasaedu/hero_bg.png" has "fill" but is missing "sizes" prop. Please add it to improve page performance. Read more: https://nextjs.org/docs/api-reference/next/image#sizes @ http://localhost:6001/_next/static/chunks/8233f_next_dist_62534dce._.js:2297
